config/maven/test-profiles.xml